# JRE version: OpenJDK Runtime Environment (8.0_242-b01) (build 1.8.0_242-release-1644-b01)
# Java VM: OpenJDK 64-Bit Server VM (25.242-b01 mixed mode windows-amd64 compressed oops)
Heap:
 PSYoungGen      total 145408K, used 22956K [0x00000000d5580000, 0x00000000df700000, 0x0000000100000000)
  eden space 133632K, 17% used [0x00000000d5580000,0x00000000d6beb320,0x00000000dd800000)
  from space 11776K, 0% used [0x00000000deb80000,0x00000000deb80000,0x00000000df700000)
  to   space 13312K, 0% used [0x00000000ddd00000,0x00000000ddd00000,0x00000000dea00000)
 ParOldGen       total 60416K, used 29997K [0x0000000080000000, 0x0000000083b00000, 0x00000000d5580000)
  object space 60416K, 49% used [0x0000000080000000,0x0000000081d4b628,0x0000000083b00000)
 Metaspace       used 58315K, capacity 60428K, committed 60584K, reserved 1101824K
  class space    used 8046K, capacity 8527K, committed 8624K, reserved 1048576K
GC Heap History (10 events):
Event: 4.945 GC heap before
{Heap before GC invocations=11 (full 2):
 PSYoungGen      total 115712K, used 8814K [0x00000000d5580000, 0x00000000df700000, 0x0000000100000000)
  eden space 103936K, 0% used [0x00000000d5580000,0x00000000d5580000,0x00000000dbb00000)
  from space 11776K, 74% used [0x00000000dbb00000,0x00000000dc39bbf8,0x00000000dc680000)
  to   space 11776K, 0% used [0x00000000deb80000,0x00000000deb80000,0x00000000df700000)
 ParOldGen       total 60416K, used 9051K [0x0000000080000000, 0x0000000083b00000, 0x00000000d5580000)
  object space 60416K, 14% used [0x0000000080000000,0x00000000808d6ce0,0x0000000083b00000)
 Metaspace       used 34610K, capacity 35426K, committed 35496K, reserved 1079296K
  class space    used 4748K, capacity 4976K, committed 5040K, reserved 1048576K
Event: 4.988 GC heap after
Heap after GC invocations=11 (full 2):
 PSYoungGen      total 115712K, used 0K [0x00000000d5580000, 0x00000000df700000, 0x0000000100000000)
  eden space 103936K, 0% used [0x00000000d5580000,0x00000000d5580000,0x00000000dbb00000)
  from space 11776K, 0% used [0x00000000dbb00000,0x00000000dbb00000,0x00000000dc680000)
  to   space 11776K, 0% used [0x00000000deb80000,0x00000000deb80000,0x00000000df700000)
 ParOldGen       total 60416K, used 15417K [0x0000000080000000, 0x0000000083b00000, 0x00000000d5580000)
  object space 60416K, 25% used [0x0000000080000000,0x0000000080f0e7f8,0x0000000083b00000)
 Metaspace       used 34610K, capacity 35426K, committed 35496K, reserved 1079296K
  class space    used 4748K, capacity 4976K, committed 5040K, reserved 1048576K
}
Event: 6.778 GC heap before
{Heap before GC invocations=12 (full 2):
 PSYoungGen      total 115712K, used 103936K [0x00000000d5580000, 0x00000000df700000, 0x0000000100000000)
  eden space 103936K, 100% used [0x00000000d5580000,0x00000000dbb00000,0x00000000dbb00000)
  from space 11776K, 0% used [0x00000000dbb00000,0x00000000dbb00000,0x00000000dc680000)
  to   space 11776K, 0% used [0x00000000deb80000,0x00000000deb80000,0x00000000df700000)
 ParOldGen       total 60416K, used 15417K [0x0000000080000000, 0x0000000083b00000, 0x00000000d5580000)
  object space 60416K, 25% used [0x0000000080000000,0x0000000080f0e7f8,0x0000000083b00000)
 Metaspace       used 43602K, capacity 45054K, committed 45224K, reserved 1087488K
  class space    used 5932K, capacity 6273K, committed 6320K, reserved 1048576K
Event: 6.790 GC heap after
Heap after GC invocations=12 (full 2):
 PSYoungGen      total 145408K, used 11765K [0x00000000d5580000, 0x00000000df700000, 0x0000000100000000)
  eden space 133632K, 0% used [0x00000000d5580000,0x00000000d5580000,0x00000000dd800000)
  from space 11776K, 99% used [0x00000000deb80000,0x00000000df6fd6b8,0x00000000df700000)
  to   space 13312K, 0% used [0x00000000ddd00000,0x00000000ddd00000,0x00000000dea00000)
 ParOldGen       total 60416K, used 15675K [0x0000000080000000, 0x0000000083b00000, 0x00000000d5580000)
  object space 60416K, 25% used [0x0000000080000000,0x0000000080f4ef50,0x0000000083b00000)
 Metaspace       used 43602K, capacity 45054K, committed 45224K, reserved 1087488K
  class space    used 5932K, capacity 6273K, committed 6320K, reserved 1048576K
}
Event: 8.528 GC heap before
{Heap before GC invocations=13 (full 2):
 PSYoungGen      total 145408K, used 145397K [0x00000000d5580000, 0x00000000df700000, 0x0000000100000000)
  eden space 133632K, 100% used [0x00000000d5580000,0x00000000dd800000,0x00000000dd800000)
  from space 11776K, 99% used [0x00000000deb80000,0x00000000df6fd6b8,0x00000000df700000)
  to   space 13312K, 0% used [0x00000000ddd00000,0x00000000ddd00000,0x00000000dea00000)
 ParOldGen       total 60416K, used 15675K [0x0000000080000000, 0x0000000083b00000, 0x00000000d5580000)
  object space 60416K, 25% used [0x0000000080000000,0x0000000080f4ef50,0x0000000083b00000)
 Metaspace       used 54703K, capacity 56722K, committed 56872K, reserved 1097728K
  class space    used 7461K, capacity 7960K, committed 7984K, reserved 1048576K
Event: 8.546 GC heap after
Heap after GC invocations=13 (full 2):
 PSYoungGen      total 146944K, used 13311K [0x00000000d5580000, 0x00000000df700000, 0x0000000100000000)
  eden space 133632K, 0% used [0x00000000d5580000,0x00000000d5580000,0x00000000dd800000)
  from space 13312K, 99% used [0x00000000ddd00000,0x00000000de9ffef8,0x00000000dea00000)
  to   space 11776K, 0% used [0x00000000deb80000,0x00000000deb80000,0x00000000df700000)
 ParOldGen       total 60416K, used 24344K [0x0000000080000000, 0x0000000083b00000, 0x00000000d5580000)
  object space 60416K, 40% used [0x0000000080000000,0x00000000817c6178,0x0000000083b00000)
 Metaspace       used 54703K, capacity 56722K, committed 56872K, reserved 1097728K
  class space    used 7461K, capacity 7960K, committed 7984K, reserved 1048576K
}
Event: 8.916 GC heap before
{Heap before GC invocations=14 (full 2):
 PSYoungGen      total 146944K, used 42102K [0x00000000d5580000, 0x00000000df700000, 0x0000000100000000)
  eden space 133632K, 21% used [0x00000000d5580000,0x00000000d719d9e0,0x00000000dd800000)
  from space 13312K, 99% used [0x00000000ddd00000,0x00000000de9ffef8,0x00000000dea00000)
  to   space 11776K, 0% used [0x00000000deb80000,0x00000000deb80000,0x00000000df700000)
 ParOldGen       total 60416K, used 24344K [0x0000000080000000, 0x0000000083b00000, 0x00000000d5580000)
  object space 60416K, 40% used [0x0000000080000000,0x00000000817c6178,0x0000000083b00000)
 Metaspace       used 57099K, capacity 59058K, committed 59160K, reserved 1099776K
  class space    used 7841K, capacity 8296K, committed 8368K, reserved 1048576K
Event: 8.926 GC heap after
Heap after GC invocations=14 (full 2):
 PSYoungGen      total 145408K, used 3149K [0x00000000d5580000, 0x00000000df700000, 0x0000000100000000)
  eden space 133632K, 0% used [0x00000000d5580000,0x00000000d5580000,0x00000000dd800000)
  from space 11776K, 26% used [0x00000000deb80000,0x00000000dee93400,0x00000000df700000)
  to   space 13312K, 0% used [0x00000000ddd00000,0x00000000ddd00000,0x00000000dea00000)
 ParOldGen       total 60416K, used 33884K [0x0000000080000000, 0x0000000083b00000, 0x00000000d5580000)
  object space 60416K, 56% used [0x0000000080000000,0x00000000821170f8,0x0000000083b00000)
 Metaspace       used 57099K, capacity 59058K, committed 59160K, reserved 1099776K
  class space    used 7841K, capacity 8296K, committed 8368K, reserved 1048576K
}
Event: 8.926 GC heap before
{Heap before GC invocations=15 (full 3):
 PSYoungGen      total 145408K, used 3149K [0x00000000d5580000, 0x00000000df700000, 0x0000000100000000)
  eden space 133632K, 0% used [0x00000000d5580000,0x00000000d5580000,0x00000000dd800000)
  from space 11776K, 26% used [0x00000000deb80000,0x00000000dee93400,0x00000000df700000)
  to   space 13312K, 0% used [0x00000000ddd00000,0x00000000ddd00000,0x00000000dea00000)
 ParOldGen       total 60416K, used 33884K [0x0000000080000000, 0x0000000083b00000, 0x00000000d5580000)
  object space 60416K, 56% used [0x0000000080000000,0x00000000821170f8,0x0000000083b00000)
 Metaspace       used 57099K, capacity 59058K, committed 59160K, reserved 1099776K
  class space    used 7841K, capacity 8296K, committed 8368K, reserved 1048576K
Event: 9.116 GC heap after
Heap after GC invocations=15 (full 3):
 PSYoungGen      total 145408K, used 0K [0x00000000d5580000, 0x00000000df700000, 0x0000000100000000)
  eden space 133632K, 0% used [0x00000000d5580000,0x00000000d5580000,0x00000000dd800000)
  from space 11776K, 0% used [0x00000000deb80000,0x00000000deb80000,0x00000000df700000)
  to   space 13312K, 0% used [0x00000000ddd00000,0x00000000ddd00000,0x00000000dea00000)
 ParOldGen       total 60416K, used 29997K [0x0000000080000000, 0x0000000083b00000, 0x00000000d5580000)
  object space 60416K, 49% used [0x0000000080000000,0x0000000081d4b628,0x0000000083b00000)
 Metaspace       used 57089K, capacity 59022K, committed 59160K, reserved 1099776K
  class space    used 7838K, capacity 8290K, committed 8368K, reserved 1048576K
}

