# JRE version: OpenJDK Runtime Environment (8.0_242-b01) (build 1.8.0_242-release-1644-b01)
# Java VM: OpenJDK 64-Bit Server VM (25.242-b01 mixed mode windows-amd64 compressed oops)
Heap:
 PSYoungGen      total 292864K, used 43003K [0x00000000d5580000, 0x00000000e9700000, 0x0000000100000000)
  eden space 272384K, 15% used [0x00000000d5580000,0x00000000d7f7ece8,0x00000000e5f80000)
  from space 20480K, 0% used [0x00000000e7380000,0x00000000e7380000,0x00000000e8780000)
  to   space 20480K, 0% used [0x00000000e5f80000,0x00000000e5f80000,0x00000000e7380000)
 ParOldGen       total 89088K, used 29626K [0x0000000080000000, 0x0000000085700000, 0x00000000d5580000)
  object space 89088K, 33% used [0x0000000080000000,0x0000000081ceeb70,0x0000000085700000)
 Metaspace       used 59844K, capacity 62246K, committed 62376K, reserved 1103872K
  class space    used 8269K, capacity 8802K, committed 8872K, reserved 1048576K
GC Heap History (10 events):
Event: 8.293 GC heap before
{Heap before GC invocations=11 (full 2):
 PSYoungGen      total 140288K, used 11010K [0x00000000d5580000, 0x00000000e3400000, 0x0000000100000000)
  eden space 129024K, 0% used [0x00000000d5580000,0x00000000d5580000,0x00000000dd380000)
  from space 11264K, 97% used [0x00000000dd380000,0x00000000dde40918,0x00000000dde80000)
  to   space 12800K, 0% used [0x00000000e2780000,0x00000000e2780000,0x00000000e3400000)
 ParOldGen       total 45568K, used 6635K [0x0000000080000000, 0x0000000082c80000, 0x00000000d5580000)
  object space 45568K, 14% used [0x0000000080000000,0x000000008067ad88,0x0000000082c80000)
 Metaspace       used 34292K, capacity 35426K, committed 35496K, reserved 1079296K
  class space    used 4711K, capacity 5006K, committed 5032K, reserved 1048576K
Event: 8.413 GC heap after
Heap after GC invocations=11 (full 2):
 PSYoungGen      total 140288K, used 0K [0x00000000d5580000, 0x00000000e3400000, 0x0000000100000000)
  eden space 129024K, 0% used [0x00000000d5580000,0x00000000d5580000,0x00000000dd380000)
  from space 11264K, 0% used [0x00000000dd380000,0x00000000dd380000,0x00000000dde80000)
  to   space 12800K, 0% used [0x00000000e2780000,0x00000000e2780000,0x00000000e3400000)
 ParOldGen       total 62464K, used 17176K [0x0000000080000000, 0x0000000083d00000, 0x00000000d5580000)
  object space 62464K, 27% used [0x0000000080000000,0x00000000810c6290,0x0000000083d00000)
 Metaspace       used 34292K, capacity 35426K, committed 35496K, reserved 1079296K
  class space    used 4711K, capacity 5006K, committed 5032K, reserved 1048576K
}
Event: 14.659 GC heap before
{Heap before GC invocations=12 (full 2):
 PSYoungGen      total 140288K, used 129024K [0x00000000d5580000, 0x00000000e3400000, 0x0000000100000000)
  eden space 129024K, 100% used [0x00000000d5580000,0x00000000dd380000,0x00000000dd380000)
  from space 11264K, 0% used [0x00000000dd380000,0x00000000dd380000,0x00000000dde80000)
  to   space 12800K, 0% used [0x00000000e2780000,0x00000000e2780000,0x00000000e3400000)
 ParOldGen       total 62464K, used 17176K [0x0000000080000000, 0x0000000083d00000, 0x00000000d5580000)
  object space 62464K, 27% used [0x0000000080000000,0x00000000810c6290,0x0000000083d00000)
 Metaspace       used 39540K, capacity 41256K, committed 41384K, reserved 1085440K
  class space    used 5432K, capacity 5771K, committed 5800K, reserved 1048576K
Event: 14.678 GC heap after
Heap after GC invocations=12 (full 2):
 PSYoungGen      total 199168K, used 9504K [0x00000000d5580000, 0x00000000e3100000, 0x0000000100000000)
  eden space 189440K, 0% used [0x00000000d5580000,0x00000000d5580000,0x00000000e0e80000)
  from space 9728K, 97% used [0x00000000e2780000,0x00000000e30c8080,0x00000000e3100000)
  to   space 13312K, 0% used [0x00000000e1700000,0x00000000e1700000,0x00000000e2400000)
 ParOldGen       total 62464K, used 17184K [0x0000000080000000, 0x0000000083d00000, 0x00000000d5580000)
  object space 62464K, 27% used [0x0000000080000000,0x00000000810c8290,0x0000000083d00000)
 Metaspace       used 39540K, capacity 41256K, committed 41384K, reserved 1085440K
  class space    used 5432K, capacity 5771K, committed 5800K, reserved 1048576K
}
Event: 18.739 GC heap before
{Heap before GC invocations=13 (full 2):
 PSYoungGen      total 199168K, used 198944K [0x00000000d5580000, 0x00000000e3100000, 0x0000000100000000)
  eden space 189440K, 100% used [0x00000000d5580000,0x00000000e0e80000,0x00000000e0e80000)
  from space 9728K, 97% used [0x00000000e2780000,0x00000000e30c8080,0x00000000e3100000)
  to   space 13312K, 0% used [0x00000000e1700000,0x00000000e1700000,0x00000000e2400000)
 ParOldGen       total 62464K, used 17184K [0x0000000080000000, 0x0000000083d00000, 0x00000000d5580000)
  object space 62464K, 27% used [0x0000000080000000,0x00000000810c8290,0x0000000083d00000)
 Metaspace       used 56080K, capacity 58382K, committed 58664K, reserved 1099776K
  class space    used 7649K, capacity 8186K, committed 8232K, reserved 1048576K
Event: 18.787 GC heap after
Heap after GC invocations=13 (full 2):
 PSYoungGen      total 211456K, used 13284K [0x00000000d5580000, 0x00000000e8780000, 0x0000000100000000)
  eden space 198144K, 0% used [0x00000000d5580000,0x00000000d5580000,0x00000000e1700000)
  from space 13312K, 99% used [0x00000000e1700000,0x00000000e23f90c0,0x00000000e2400000)
  to   space 20480K, 0% used [0x00000000e7380000,0x00000000e7380000,0x00000000e8780000)
 ParOldGen       total 62464K, used 31636K [0x0000000080000000, 0x0000000083d00000, 0x00000000d5580000)
  object space 62464K, 50% used [0x0000000080000000,0x0000000081ee5370,0x0000000083d00000)
 Metaspace       used 56080K, capacity 58382K, committed 58664K, reserved 1099776K
  class space    used 7649K, capacity 8186K, committed 8232K, reserved 1048576K
}
Event: 18.969 GC heap before
{Heap before GC invocations=14 (full 2):
 PSYoungGen      total 211456K, used 24055K [0x00000000d5580000, 0x00000000e8780000, 0x0000000100000000)
  eden space 198144K, 5% used [0x00000000d5580000,0x00000000d6004e18,0x00000000e1700000)
  from space 13312K, 99% used [0x00000000e1700000,0x00000000e23f90c0,0x00000000e2400000)
  to   space 20480K, 0% used [0x00000000e7380000,0x00000000e7380000,0x00000000e8780000)
 ParOldGen       total 62464K, used 31636K [0x0000000080000000, 0x0000000083d00000, 0x00000000d5580000)
  object space 62464K, 50% used [0x0000000080000000,0x0000000081ee5370,0x0000000083d00000)
 Metaspace       used 56756K, capacity 59044K, committed 59160K, reserved 1099776K
  class space    used 7751K, capacity 8257K, committed 8360K, reserved 1048576K
Event: 18.987 GC heap after
Heap after GC invocations=14 (full 2):
 PSYoungGen      total 292864K, used 1056K [0x00000000d5580000, 0x00000000e9700000, 0x0000000100000000)
  eden space 272384K, 0% used [0x00000000d5580000,0x00000000d5580000,0x00000000e5f80000)
  from space 20480K, 5% used [0x00000000e7380000,0x00000000e7488000,0x00000000e8780000)
  to   space 20480K, 0% used [0x00000000e5f80000,0x00000000e5f80000,0x00000000e7380000)
 ParOldGen       total 62464K, used 43123K [0x0000000080000000, 0x0000000083d00000, 0x00000000d5580000)
  object space 62464K, 69% used [0x0000000080000000,0x0000000082a1ceb0,0x0000000083d00000)
 Metaspace       used 56756K, capacity 59044K, committed 59160K, reserved 1099776K
  class space    used 7751K, capacity 8257K, committed 8360K, reserved 1048576K
}
Event: 18.987 GC heap before
{Heap before GC invocations=15 (full 3):
 PSYoungGen      total 292864K, used 1056K [0x00000000d5580000, 0x00000000e9700000, 0x0000000100000000)
  eden space 272384K, 0% used [0x00000000d5580000,0x00000000d5580000,0x00000000e5f80000)
  from space 20480K, 5% used [0x00000000e7380000,0x00000000e7488000,0x00000000e8780000)
  to   space 20480K, 0% used [0x00000000e5f80000,0x00000000e5f80000,0x00000000e7380000)
 ParOldGen       total 62464K, used 43123K [0x0000000080000000, 0x0000000083d00000, 0x00000000d5580000)
  object space 62464K, 69% used [0x0000000080000000,0x0000000082a1ceb0,0x0000000083d00000)
 Metaspace       used 56756K, capacity 59044K, committed 59160K, reserved 1099776K
  class space    used 7751K, capacity 8257K, committed 8360K, reserved 1048576K
Event: 19.296 GC heap after
Heap after GC invocations=15 (full 3):
 PSYoungGen      total 292864K, used 0K [0x00000000d5580000, 0x00000000e9700000, 0x0000000100000000)
  eden space 272384K, 0% used [0x00000000d5580000,0x00000000d5580000,0x00000000e5f80000)
  from space 20480K, 0% used [0x00000000e7380000,0x00000000e7380000,0x00000000e8780000)
  to   space 20480K, 0% used [0x00000000e5f80000,0x00000000e5f80000,0x00000000e7380000)
 ParOldGen       total 89088K, used 29626K [0x0000000080000000, 0x0000000085700000, 0x00000000d5580000)
  object space 89088K, 33% used [0x0000000080000000,0x0000000081ceeb70,0x0000000085700000)
 Metaspace       used 56747K, capacity 59014K, committed 59160K, reserved 1099776K
  class space    used 7748K, capacity 8252K, committed 8360K, reserved 1048576K
}

