# JRE version: OpenJDK Runtime Environment (8.0_242-b01) (build 1.8.0_242-release-1644-b01)
# Java VM: OpenJDK 64-Bit Server VM (25.242-b01 mixed mode windows-amd64 compressed oops)
Heap:
 PSYoungGen      total 293888K, used 49371K [0x00000000d5580000, 0x00000000e9280000, 0x0000000100000000)
  eden space 273408K, 18% used [0x00000000d5580000,0x00000000d85b6d60,0x00000000e6080000)
  from space 20480K, 0% used [0x00000000e7480000,0x00000000e7480000,0x00000000e8880000)
  to   space 20480K, 0% used [0x00000000e6080000,0x00000000e6080000,0x00000000e7480000)
 ParOldGen       total 62976K, used 29506K [0x0000000080000000, 0x0000000083d80000, 0x00000000d5580000)
  object space 62976K, 46% used [0x0000000080000000,0x0000000081cd0be8,0x0000000083d80000)
 Metaspace       used 60123K, capacity 62502K, committed 62632K, reserved 1103872K
  class space    used 8314K, capacity 8842K, committed 8880K, reserved 1048576K
GC Heap History (10 events):
Event: 6.604 GC heap before
{Heap before GC invocations=11 (full 2):
 PSYoungGen      total 140288K, used 10902K [0x00000000d5580000, 0x00000000e3080000, 0x0000000100000000)
  eden space 129024K, 0% used [0x00000000d5580000,0x00000000d5580000,0x00000000dd380000)
  from space 11264K, 96% used [0x00000000dd380000,0x00000000dde25a50,0x00000000dde80000)
  to   space 12800K, 0% used [0x00000000e2400000,0x00000000e2400000,0x00000000e3080000)
 ParOldGen       total 46080K, used 6636K [0x0000000080000000, 0x0000000082d00000, 0x00000000d5580000)
  object space 46080K, 14% used [0x0000000080000000,0x000000008067b180,0x0000000082d00000)
 Metaspace       used 34299K, capacity 35426K, committed 35496K, reserved 1079296K
  class space    used 4724K, capacity 5006K, committed 5040K, reserved 1048576K
Event: 6.698 GC heap after
Heap after GC invocations=11 (full 2):
 PSYoungGen      total 140288K, used 0K [0x00000000d5580000, 0x00000000e3080000, 0x0000000100000000)
  eden space 129024K, 0% used [0x00000000d5580000,0x00000000d5580000,0x00000000dd380000)
  from space 11264K, 0% used [0x00000000dd380000,0x00000000dd380000,0x00000000dde80000)
  to   space 12800K, 0% used [0x00000000e2400000,0x00000000e2400000,0x00000000e3080000)
 ParOldGen       total 62976K, used 17126K [0x0000000080000000, 0x0000000083d80000, 0x00000000d5580000)
  object space 62976K, 27% used [0x0000000080000000,0x00000000810b9b40,0x0000000083d80000)
 Metaspace       used 34299K, capacity 35426K, committed 35496K, reserved 1079296K
  class space    used 4724K, capacity 5006K, committed 5040K, reserved 1048576K
}
Event: 8.540 GC heap before
{Heap before GC invocations=12 (full 2):
 PSYoungGen      total 140288K, used 129024K [0x00000000d5580000, 0x00000000e3080000, 0x0000000100000000)
  eden space 129024K, 100% used [0x00000000d5580000,0x00000000dd380000,0x00000000dd380000)
  from space 11264K, 0% used [0x00000000dd380000,0x00000000dd380000,0x00000000dde80000)
  to   space 12800K, 0% used [0x00000000e2400000,0x00000000e2400000,0x00000000e3080000)
 ParOldGen       total 62976K, used 17126K [0x0000000080000000, 0x0000000083d80000, 0x00000000d5580000)
  object space 62976K, 27% used [0x0000000080000000,0x00000000810b9b40,0x0000000083d80000)
 Metaspace       used 39540K, capacity 41228K, committed 41512K, reserved 1085440K
  class space    used 5447K, capacity 5833K, committed 5936K, reserved 1048576K
Event: 8.552 GC heap after
Heap after GC invocations=12 (full 2):
 PSYoungGen      total 199168K, used 9572K [0x00000000d5580000, 0x00000000e2d80000, 0x0000000100000000)
  eden space 189440K, 0% used [0x00000000d5580000,0x00000000d5580000,0x00000000e0e80000)
  from space 9728K, 98% used [0x00000000e2400000,0x00000000e2d593b0,0x00000000e2d80000)
  to   space 13312K, 0% used [0x00000000e1380000,0x00000000e1380000,0x00000000e2080000)
 ParOldGen       total 62976K, used 17134K [0x0000000080000000, 0x0000000083d80000, 0x00000000d5580000)
  object space 62976K, 27% used [0x0000000080000000,0x00000000810bbb40,0x0000000083d80000)
 Metaspace       used 39540K, capacity 41228K, committed 41512K, reserved 1085440K
  class space    used 5447K, capacity 5833K, committed 5936K, reserved 1048576K
}
Event: 11.991 GC heap before
{Heap before GC invocations=13 (full 2):
 PSYoungGen      total 199168K, used 199012K [0x00000000d5580000, 0x00000000e2d80000, 0x0000000100000000)
  eden space 189440K, 100% used [0x00000000d5580000,0x00000000e0e80000,0x00000000e0e80000)
  from space 9728K, 98% used [0x00000000e2400000,0x00000000e2d593b0,0x00000000e2d80000)
  to   space 13312K, 0% used [0x00000000e1380000,0x00000000e1380000,0x00000000e2080000)
 ParOldGen       total 62976K, used 17134K [0x0000000080000000, 0x0000000083d80000, 0x00000000d5580000)
  object space 62976K, 27% used [0x0000000080000000,0x00000000810bbb40,0x0000000083d80000)
 Metaspace       used 56206K, capacity 58494K, committed 58664K, reserved 1099776K
  class space    used 7679K, capacity 8184K, committed 8240K, reserved 1048576K
Event: 12.053 GC heap after
Heap after GC invocations=13 (full 2):
 PSYoungGen      total 207872K, used 13293K [0x00000000d5580000, 0x00000000e8880000, 0x0000000100000000)
  eden space 194560K, 0% used [0x00000000d5580000,0x00000000d5580000,0x00000000e1380000)
  from space 13312K, 99% used [0x00000000e1380000,0x00000000e207b5f8,0x00000000e2080000)
  to   space 20480K, 0% used [0x00000000e7480000,0x00000000e7480000,0x00000000e8880000)
 ParOldGen       total 62976K, used 31787K [0x0000000080000000, 0x0000000083d80000, 0x00000000d5580000)
  object space 62976K, 50% used [0x0000000080000000,0x0000000081f0acc0,0x0000000083d80000)
 Metaspace       used 56206K, capacity 58494K, committed 58664K, reserved 1099776K
  class space    used 7679K, capacity 8184K, committed 8240K, reserved 1048576K
}
Event: 12.201 GC heap before
{Heap before GC invocations=14 (full 2):
 PSYoungGen      total 207872K, used 20404K [0x00000000d5580000, 0x00000000e8880000, 0x0000000100000000)
  eden space 194560K, 3% used [0x00000000d5580000,0x00000000d5c71a38,0x00000000e1380000)
  from space 13312K, 99% used [0x00000000e1380000,0x00000000e207b5f8,0x00000000e2080000)
  to   space 20480K, 0% used [0x00000000e7480000,0x00000000e7480000,0x00000000e8880000)
 ParOldGen       total 62976K, used 31787K [0x0000000080000000, 0x0000000083d80000, 0x00000000d5580000)
  object space 62976K, 50% used [0x0000000080000000,0x0000000081f0acc0,0x0000000083d80000)
 Metaspace       used 56787K, capacity 59028K, committed 59160K, reserved 1099776K
  class space    used 7763K, capacity 8255K, committed 8368K, reserved 1048576K
Event: 12.219 GC heap after
Heap after GC invocations=14 (full 2):
 PSYoungGen      total 293888K, used 832K [0x00000000d5580000, 0x00000000e9280000, 0x0000000100000000)
  eden space 273408K, 0% used [0x00000000d5580000,0x00000000d5580000,0x00000000e6080000)
  from space 20480K, 4% used [0x00000000e7480000,0x00000000e7550000,0x00000000e8880000)
  to   space 20480K, 0% used [0x00000000e6080000,0x00000000e6080000,0x00000000e7480000)
 ParOldGen       total 62976K, used 43283K [0x0000000080000000, 0x0000000083d80000, 0x00000000d5580000)
  object space 62976K, 68% used [0x0000000080000000,0x0000000082a44d88,0x0000000083d80000)
 Metaspace       used 56787K, capacity 59028K, committed 59160K, reserved 1099776K
  class space    used 7763K, capacity 8255K, committed 8368K, reserved 1048576K
}
Event: 12.219 GC heap before
{Heap before GC invocations=15 (full 3):
 PSYoungGen      total 293888K, used 832K [0x00000000d5580000, 0x00000000e9280000, 0x0000000100000000)
  eden space 273408K, 0% used [0x00000000d5580000,0x00000000d5580000,0x00000000e6080000)
  from space 20480K, 4% used [0x00000000e7480000,0x00000000e7550000,0x00000000e8880000)
  to   space 20480K, 0% used [0x00000000e6080000,0x00000000e6080000,0x00000000e7480000)
 ParOldGen       total 62976K, used 43283K [0x0000000080000000, 0x0000000083d80000, 0x00000000d5580000)
  object space 62976K, 68% used [0x0000000080000000,0x0000000082a44d88,0x0000000083d80000)
 Metaspace       used 56787K, capacity 59028K, committed 59160K, reserved 1099776K
  class space    used 7763K, capacity 8255K, committed 8368K, reserved 1048576K
Event: 12.478 GC heap after
Heap after GC invocations=15 (full 3):
 PSYoungGen      total 293888K, used 0K [0x00000000d5580000, 0x00000000e9280000, 0x0000000100000000)
  eden space 273408K, 0% used [0x00000000d5580000,0x00000000d5580000,0x00000000e6080000)
  from space 20480K, 0% used [0x00000000e7480000,0x00000000e7480000,0x00000000e8880000)
  to   space 20480K, 0% used [0x00000000e6080000,0x00000000e6080000,0x00000000e7480000)
 ParOldGen       total 62976K, used 29506K [0x0000000080000000, 0x0000000083d80000, 0x00000000d5580000)
  object space 62976K, 46% used [0x0000000080000000,0x0000000081cd0be8,0x0000000083d80000)
 Metaspace       used 56782K, capacity 59010K, committed 59160K, reserved 1099776K
  class space    used 7762K, capacity 8252K, committed 8368K, reserved 1048576K
}

