# JRE version: OpenJDK Runtime Environment (8.0_242-b01) (build 1.8.0_242-release-1644-b01)
# Java VM: OpenJDK 64-Bit Server VM (25.242-b01 mixed mode windows-amd64 compressed oops)
Heap:
 PSYoungGen      total 640000K, used 51480K [0x00000000d5580000, 0x0000000100000000, 0x0000000100000000)
  eden space 608256K, 7% used [0x00000000d5580000,0x00000000d80fe0d8,0x00000000fa780000)
  from space 31744K, 21% used [0x00000000fa780000,0x00000000fae48000,0x00000000fc680000)
  to   space 30720K, 0% used [0x00000000fe200000,0x00000000fe200000,0x0000000100000000)
 ParOldGen       total 164352K, used 77034K [0x0000000080000000, 0x000000008a080000, 0x00000000d5580000)
  object space 164352K, 46% used [0x0000000080000000,0x0000000084b3ab50,0x000000008a080000)
 Metaspace       used 76382K, capacity 80378K, committed 80936K, reserved 1118208K
  class space    used 10394K, capacity 11150K, committed 11312K, reserved 1048576K
GC Heap History (10 events):
Event: 35.159 GC heap before
{Heap before GC invocations=15 (full 3):
 PSYoungGen      total 354304K, used 354295K [0x00000000d5580000, 0x00000000f4d80000, 0x0000000100000000)
  eden space 331264K, 100% used [0x00000000d5580000,0x00000000e9900000,0x00000000e9900000)
  from space 23040K, 99% used [0x00000000e9900000,0x00000000eaf7dcb8,0x00000000eaf80000)
  to   space 32256K, 0% used [0x00000000f2e00000,0x00000000f2e00000,0x00000000f4d80000)
 ParOldGen       total 101888K, used 51309K [0x0000000080000000, 0x0000000086380000, 0x00000000d5580000)
  object space 101888K, 50% used [0x0000000080000000,0x000000008321b6c0,0x0000000086380000)
 Metaspace       used 76068K, capacity 80242K, committed 80424K, reserved 1118208K
  class space    used 10424K, capacity 11230K, committed 11312K, reserved 1048576K
Event: 35.358 GC heap after
Heap after GC invocations=15 (full 3):
 PSYoungGen      total 483328K, used 19165K [0x00000000d5580000, 0x00000000f5380000, 0x0000000100000000)
  eden space 451072K, 0% used [0x00000000d5580000,0x00000000d5580000,0x00000000f0e00000)
  from space 32256K, 59% used [0x00000000f2e00000,0x00000000f40b7530,0x00000000f4d80000)
  to   space 32768K, 0% used [0x00000000f0e00000,0x00000000f0e00000,0x00000000f2e00000)
 ParOldGen       total 101888K, used 73418K [0x0000000080000000, 0x0000000086380000, 0x00000000d5580000)
  object space 101888K, 72% used [0x0000000080000000,0x00000000847b2b68,0x0000000086380000)
 Metaspace       used 76068K, capacity 80242K, committed 80424K, reserved 1118208K
  class space    used 10424K, capacity 11230K, committed 11312K, reserved 1048576K
}
Event: 37.740 GC heap before
{Heap before GC invocations=16 (full 3):
 PSYoungGen      total 483328K, used 470237K [0x00000000d5580000, 0x00000000f5380000, 0x0000000100000000)
  eden space 451072K, 100% used [0x00000000d5580000,0x00000000f0e00000,0x00000000f0e00000)
  from space 32256K, 59% used [0x00000000f2e00000,0x00000000f40b7530,0x00000000f4d80000)
  to   space 32768K, 0% used [0x00000000f0e00000,0x00000000f0e00000,0x00000000f2e00000)
 ParOldGen       total 101888K, used 73418K [0x0000000080000000, 0x0000000086380000, 0x00000000d5580000)
  object space 101888K, 72% used [0x0000000080000000,0x00000000847b2b68,0x0000000086380000)
 Metaspace       used 76286K, capacity 80428K, committed 80680K, reserved 1118208K
  class space    used 10437K, capacity 11239K, committed 11312K, reserved 1048576K
Event: 38.388 GC heap after
Heap after GC invocations=16 (full 3):
 PSYoungGen      total 483840K, used 5088K [0x00000000d5580000, 0x00000000fff80000, 0x0000000100000000)
  eden space 451072K, 0% used [0x00000000d5580000,0x00000000d5580000,0x00000000f0e00000)
  from space 32768K, 15% used [0x00000000f0e00000,0x00000000f12f8010,0x00000000f2e00000)
  to   space 32256K, 0% used [0x00000000fe000000,0x00000000fe000000,0x00000000fff80000)
 ParOldGen       total 101888K, used 88149K [0x0000000080000000, 0x0000000086380000, 0x00000000d5580000)
  object space 101888K, 86% used [0x0000000080000000,0x0000000085615750,0x0000000086380000)
 Metaspace       used 76286K, capacity 80428K, committed 80680K, reserved 1118208K
  class space    used 10437K, capacity 11239K, committed 11312K, reserved 1048576K
}
Event: 38.389 GC heap before
{Heap before GC invocations=17 (full 4):
 PSYoungGen      total 483840K, used 5088K [0x00000000d5580000, 0x00000000fff80000, 0x0000000100000000)
  eden space 451072K, 0% used [0x00000000d5580000,0x00000000d5580000,0x00000000f0e00000)
  from space 32768K, 15% used [0x00000000f0e00000,0x00000000f12f8010,0x00000000f2e00000)
  to   space 32256K, 0% used [0x00000000fe000000,0x00000000fe000000,0x00000000fff80000)
 ParOldGen       total 101888K, used 88149K [0x0000000080000000, 0x0000000086380000, 0x00000000d5580000)
  object space 101888K, 86% used [0x0000000080000000,0x0000000085615750,0x0000000086380000)
 Metaspace       used 76286K, capacity 80428K, committed 80680K, reserved 1118208K
  class space    used 10437K, capacity 11239K, committed 11312K, reserved 1048576K
Event: 41.485 GC heap after
Heap after GC invocations=17 (full 4):
 PSYoungGen      total 483840K, used 0K [0x00000000d5580000, 0x00000000fff80000, 0x0000000100000000)
  eden space 451072K, 0% used [0x00000000d5580000,0x00000000d5580000,0x00000000f0e00000)
  from space 32768K, 0% used [0x00000000f0e00000,0x00000000f0e00000,0x00000000f2e00000)
  to   space 32256K, 0% used [0x00000000fe000000,0x00000000fe000000,0x00000000fff80000)
 ParOldGen       total 164352K, used 72131K [0x0000000080000000, 0x000000008a080000, 0x00000000d5580000)
  object space 164352K, 43% used [0x0000000080000000,0x0000000084670e40,0x000000008a080000)
 Metaspace       used 76138K, capacity 80062K, committed 80680K, reserved 1118208K
  class space    used 10384K, capacity 11144K, committed 11312K, reserved 1048576K
}
Event: 44.082 GC heap before
{Heap before GC invocations=18 (full 4):
 PSYoungGen      total 483840K, used 451072K [0x00000000d5580000, 0x00000000fff80000, 0x0000000100000000)
  eden space 451072K, 100% used [0x00000000d5580000,0x00000000f0e00000,0x00000000f0e00000)
  from space 32768K, 0% used [0x00000000f0e00000,0x00000000f0e00000,0x00000000f2e00000)
  to   space 32256K, 0% used [0x00000000fe000000,0x00000000fe000000,0x00000000fff80000)
 ParOldGen       total 164352K, used 72131K [0x0000000080000000, 0x000000008a080000, 0x00000000d5580000)
  object space 164352K, 43% used [0x0000000080000000,0x0000000084670e40,0x000000008a080000)
 Metaspace       used 76160K, capacity 80080K, committed 80680K, reserved 1118208K
  class space    used 10392K, capacity 11147K, committed 11312K, reserved 1048576K
Event: 44.101 GC heap after
Heap after GC invocations=18 (full 4):
 PSYoungGen      total 605696K, used 5600K [0x00000000d5580000, 0x00000000fe580000, 0x0000000100000000)
  eden space 600064K, 0% used [0x00000000d5580000,0x00000000d5580000,0x00000000f9f80000)
  from space 5632K, 99% used [0x00000000fe000000,0x00000000fe578010,0x00000000fe580000)
  to   space 31744K, 0% used [0x00000000fa780000,0x00000000fa780000,0x00000000fc680000)
 ParOldGen       total 164352K, used 72131K [0x0000000080000000, 0x000000008a080000, 0x00000000d5580000)
  object space 164352K, 43% used [0x0000000080000000,0x0000000084670e40,0x000000008a080000)
 Metaspace       used 76160K, capacity 80080K, committed 80680K, reserved 1118208K
  class space    used 10392K, capacity 11147K, committed 11312K, reserved 1048576K
}
Event: 47.830 GC heap before
{Heap before GC invocations=19 (full 4):
 PSYoungGen      total 605696K, used 605664K [0x00000000d5580000, 0x00000000fe580000, 0x0000000100000000)
  eden space 600064K, 100% used [0x00000000d5580000,0x00000000f9f80000,0x00000000f9f80000)
  from space 5632K, 99% used [0x00000000fe000000,0x00000000fe578010,0x00000000fe580000)
  to   space 31744K, 0% used [0x00000000fa780000,0x00000000fa780000,0x00000000fc680000)
 ParOldGen       total 164352K, used 72131K [0x0000000080000000, 0x000000008a080000, 0x00000000d5580000)
  object space 164352K, 43% used [0x0000000080000000,0x0000000084670e40,0x000000008a080000)
 Metaspace       used 76207K, capacity 80160K, committed 80680K, reserved 1118208K
  class space    used 10393K, capacity 11149K, committed 11312K, reserved 1048576K
Event: 47.952 GC heap after
Heap after GC invocations=19 (full 4):
 PSYoungGen      total 640000K, used 6944K [0x00000000d5580000, 0x0000000100000000, 0x0000000100000000)
  eden space 608256K, 0% used [0x00000000d5580000,0x00000000d5580000,0x00000000fa780000)
  from space 31744K, 21% used [0x00000000fa780000,0x00000000fae48000,0x00000000fc680000)
  to   space 30720K, 0% used [0x00000000fe200000,0x00000000fe200000,0x0000000100000000)
 ParOldGen       total 164352K, used 77034K [0x0000000080000000, 0x000000008a080000, 0x00000000d5580000)
  object space 164352K, 46% used [0x0000000080000000,0x0000000084b3ab50,0x000000008a080000)
 Metaspace       used 76207K, capacity 80160K, committed 80680K, reserved 1118208K
  class space    used 10393K, capacity 11149K, committed 11312K, reserved 1048576K
}

